-------------------------------------------------------------------------------
Test set: AcceptOrderCourierErrorTest
-------------------------------------------------------------------------------
Tests run: 2, Failures: 1, Errors: 0, Skipped: 0, Time elapsed: 9.016 s <<< FAILURE! - in AcceptOrderCourierErrorTest
acceptOrderWithoutIdOrder(AcceptOrderCourierErrorTest)  Time elapsed: 0.932 s  <<< FAILURE!
java.lang.AssertionError: statusCode неверный expected:<400> but was:<404>
	at AcceptOrderCourierErrorTest.acceptOrderWithoutIdOrder(AcceptOrderCourierErrorTest.java:63)

