-------------------------------------------------------------------------------
Test set: DeleteCourierTest
-------------------------------------------------------------------------------
Tests run: 3, Failures: 1, Errors: 0, Skipped: 0, Time elapsed: 1.094 s <<< FAILURE! - in DeleteCourierTest
deleteCourierWithoutId(DeleteCourierTest)  Time elapsed: 0.23 s  <<< FAILURE!
java.lang.AssertionError: Сообщение о недостаточности данных некорректное
	at DeleteCourierTest.deleteCourierWithoutId(DeleteCourierTest.java:59)

