-------------------------------------------------------------------------------
Test set: GetOrderByTrackTest
-------------------------------------------------------------------------------
Tests run: 3, Failures: 1, Errors: 0, Skipped: 0, Time elapsed: 0.837 s <<< FAILURE! - in GetOrderByTrackTest
getOrderByTrackValid(GetOrderByTrackTest)  Time elapsed: 0.468 s  <<< FAILURE!
java.lang.AssertionError: statusCode неверный expected:<201> but was:<200>
	at GetOrderByTrackTest.getOrderByTrackValid(GetOrderByTrackTest.java:35)

