<?xml version="1.0" encoding="UTF-8"?>
<testsuite xmlns:xsi="http://www.w3.org/2001/XMLSchema-instance" xsi:noNamespaceSchemaLocation="https://maven.apache.org/surefire/maven-surefire-plugin/xsd/surefire-test-report.xsd" name="CreateCourierErrorTest" time="0.421" tests="2" errors="0" skipped="0" failures="0">
  <properties>
[...]
</properties>
  <testcase name="createCourierWithoutPasswordError" classname="CreateCourierErrorTest" time="0.168"/>
  <testcase name="createCourierWithoutDataError" classname="CreateCourierErrorTest" time="0.251"/>
</testsuite>